#
# A fatal error has been detected by the Java Runtime Environment:
#
#  SIGSEGV (0xb) at pc=0x00000001a026d790, pid=16360, tid=0x00007f61902cd700
#
# JRE version: OpenJDK Runtime Environment (8.0_152-b01) (build 1.8.0_152-release-1024-b01)
# Java VM: OpenJDK 64-Bit Server VM (25.152-b01 mixed mode linux-amd64 compressed oops)
# Problematic frame:
# C  0x00000001a026d790
#
# Failed to write core dump. Core dumps have been disabled. To enable core dumping, try "ulimit -c unlimited" before starting Java again
#
# If you would like to submit a bug report, please visit:
#   http://bugreport.java.com/bugreport/crash.jsp
#

---------------  T H R E A D  ---------------

Current thread (0x00007f615c003800):  JavaThread "RMI TCP Connection(2)-127.0.0.1" daemon [_thread_in_Java, id=16385, stack(0x00007f61901cd000,0x00007f61902ce000)]

siginfo: si_signo: 11 (SIGSEGV), si_code: 1 (SEGV_MAPERR), si_addr: 0x00000001a026d790

Registers:
RAX=0x0000000000000000, RBX=0x00007f61b4b973a0, RCX=0x0000000000000000, RDX=0x00007f614236cd20
RSP=0x00007f61902c91b0, RBP=0x00000000e4b8ef48, RSI=0x00000000a1ba23b0, RDI=0x0000000100016f60
R8 =0x00000000e4b8ee80, R9 =0x0000000000000002, R10=0x00000000a1ba23b0, R11=0x0000000000000001
R12=0x0000000000000000, R13=0x00007f61902c9368, R14=0x00007f61b56ca000, R15=0x00007f615c003800
RIP=0x00000001a026d790, EFLAGS=0x0000000000010246, CSGSFS=0x002b000000000033, ERR=0x0000000000000014
  TRAPNO=0x000000000000000e

Top of Stack: (sp=0x00007f61902c91b0)
0x00007f61902c91b0:   00007f61b56ca000 00000000e4b8ef90
0x00007f61902c91c0:   00007f61b56ca000 00007f61a1f33b9c
0x00007f61902c91d0:   00000000a026d790 00007f61a1f435f4
0x00007f61902c91e0:   00000000e4b8ef48 00000001a026d790
0x00007f61902c91f0:   00000000e4b8ef30 00000000e4b8ee48
0x00007f61902c9200:   00007f61902c93b8 00007f61a1f49034
0x00007f61902c9210:   00000000e4b8eed8 00000000e4b8ef30
0x00007f61902c9220:   00007f61b56ca000 00000000e4b8eed8
0x00007f61902c9230:   00000000e4b8ef30 00007f61a1f7ca89
0x00007f61902c9240:   00007f61902c93b8 00007f61a1f7d4dc
0x00007f61902c9250:   00000000e4557150 00000000e45570f8
0x00007f61902c9260:   00007f61902c92d0 00007f61a10077d0
0x00007f61902c9270:   00007f61a1007ffd 00007f61a10077d0
0x00007f61902c9280:   00000000a1bdfbf0 0000000000000001
0x00007f61902c9290:   00007f61902c9290 00007f6142cc5725
0x00007f61902c92a0:   00007f61902c92f8 00007f6142cc8de0
0x00007f61902c92b0:   0000000000000000 00007f6142cc5768
0x00007f61902c92c0:   0000000000000000 00007f61902c92e8
0x00007f61902c92d0:   00007f61902c9340 00007f61a1007e54
0x00007f61902c92e0:   00000000e4557140 00000000a0d01158
0x00007f61902c92f0:   00000000e4557128 00000000a1ba2288
0x00007f61902c9300:   00000000a1ba2288 00000000e4b8eef0
0x00007f61902c9310:   00000000e4b8ef30 00000000e4b8def8
0x00007f61902c9320:   00000000e4b8eb40 00000000e455dcd8
0x00007f61902c9330:   00000000e4b8ebf0 00000000e45570e8
0x00007f61902c9340:   00000000e4b8eb40 00007f61a1007d80
0x00007f61902c9350:   00007f61902c93b8 00007f61a1007ffd
0x00007f61902c9360:   00007f61a1007ffd 00000000a1ba2288
0x00007f61902c9370:   00000000e4557128 00007f61902c9378
0x00007f61902c9380:   00007f61420fa501 00007f61902c9420
0x00007f61902c9390:   00007f61420fba78 0000000000000000
0x00007f61902c93a0:   00007f61420fa708 00007f61902c9368 

Instructions: (pc=0x00000001a026d790)
0x00000001a026d770:   
[error occurred during error reporting (printing registers, top of stack, instructions near pc), id 0xb]

Register to memory mapping:

RAX=0x0000000000000000 is an unknown value
RBX={method} {0x00007f61b4b973a0} 'iterator' '()Ljava/util/Iterator;' in 'java/util/ArrayList'
RCX=0x0000000000000000 is an unknown value
RDX=0x00007f614236cd20 is pointing into metadata
RSP=0x00007f61902c91b0 is pointing into the stack for thread: 0x00007f615c003800
RBP=0x00000000e4b8ef48 is an oop
kotlin.sequences.FlatteningSequence$iterator$1 
 - klass: 'kotlin/sequences/FlatteningSequence$iterator$1'
RSI=0x00000000a1ba23b0 is an oop
java.util.ArrayList 
 - klass: 'java/util/ArrayList'
RDI=0x0000000100016f60 is pointing into metadata
R8 =0x00000000e4b8ee80 is an oop
kotlin.sequences.FlatteningSequence 
 - klass: 'kotlin/sequences/FlatteningSequence'
R9 =0x0000000000000002 is an unknown value
R10=0x00000000a1ba23b0 is an oop
java.util.ArrayList 
 - klass: 'java/util/ArrayList'
R11=0x0000000000000001 is an unknown value
R12=0x0000000000000000 is an unknown value
R13=0x00007f61902c9368 is pointing into the stack for thread: 0x00007f615c003800
R14=0x00007f61b56ca000 is an unknown value
R15=0x00007f615c003800 is a thread


Stack: [0x00007f61901cd000,0x00007f61902ce000],  sp=0x00007f61902c91b0,  free space=1008k
Native frames: (J=compiled Java code, j=interpreted, Vv=VM code, C=native code)
C  0x00000001a026d790


---------------  P R O C E S S  ---------------

Java Threads: ( => current thread )
  0x00007f6148010800 JavaThread "RMI RenewClean-[localhost:42851,org.jetbrains.kotlin.daemon.common.LoopbackNetworkInterface$ClientLoopbackSocketFactory@12fbe33c]" daemon [_thread_blocked, id=16387, stack(0x00007f61908d2000,0x00007f61909d3000)]
=>0x00007f615c003800 JavaThread "RMI TCP Connection(2)-127.0.0.1" daemon [_thread_in_Java, id=16385, stack(0x00007f61901cd000,0x00007f61902ce000)]
  0x00007f6150017000 JavaThread "RMI Scheduler(0)" daemon [_thread_blocked, id=16382, stack(0x00007f61902ce000,0x00007f61903cf000)]
  0x00007f615c001800 JavaThread "RMI TCP Connection(1)-127.0.0.1" daemon [_thread_in_native, id=16381, stack(0x00007f61905cf000,0x00007f61906d0000)]
  0x00007f61b000c000 JavaThread "DestroyJavaVM" [_thread_blocked, id=16362, stack(0x00007f61b9105000,0x00007f61b9205000)]
  0x00007f61b0410800 JavaThread "GC Daemon" daemon [_thread_blocked, id=16380, stack(0x00007f61906d0000,0x00007f61907d1000)]
  0x00007f61b040c000 JavaThread "RMI Reaper" [_thread_blocked, id=16379, stack(0x00007f61907d1000,0x00007f61908d2000)]
  0x00007f61b03ff800 JavaThread "Timer-0" daemon [_thread_blocked, id=16377, stack(0x00007f61909d3000,0x00007f6190ad4000)]
  0x00007f61b03fb800 JavaThread "RMI TCP Accept-17902" daemon [_thread_in_native, id=16376, stack(0x00007f6190ad4000,0x00007f6190bd5000)]
  0x00007f61b00c1800 JavaThread "Service Thread" daemon [_thread_blocked, id=16374, stack(0x00007f61a008e000,0x00007f61a018f000)]
  0x00007f61b00be800 JavaThread "C1 CompilerThread2" daemon [_thread_blocked, id=16373, stack(0x00007f61a0190000,0x00007f61a0290000)]
  0x00007f61b00bd000 JavaThread "C2 CompilerThread1" daemon [_thread_in_native, id=16372, stack(0x00007f61a0291000,0x00007f61a0391000)]
  0x00007f61b00ba000 JavaThread "C2 CompilerThread0" daemon [_thread_in_native, id=16371, stack(0x00007f61a0392000,0x00007f61a0492000)]
  0x00007f61b00b6000 JavaThread "Signal Dispatcher" daemon [_thread_blocked, id=16370, stack(0x00007f61a0492000,0x00007f61a0593000)]
  0x00007f61b0086000 JavaThread "Finalizer" daemon [_thread_blocked, id=16369, stack(0x00007f61a0593000,0x00007f61a0694000)]
  0x00007f61b0081800 JavaThread "Reference Handler" daemon [_thread_blocked, id=16368, stack(0x00007f61a0694000,0x00007f61a0795000)]

Other Threads:
  0x00007f61b0079800 VMThread [stack: 0x00007f61a0796000,0x00007f61a0896000] [id=16367]
  0x00007f61b00c4000 WatcherThread [stack: 0x00007f6198531000,0x00007f6198631000] [id=16375]

VM state:not at safepoint (normal execution)

VM Mutex/Monitor currently owned by a thread: None

Heap:
 PSYoungGen      total 104448K, used 85919K [0x00000000e0000000, 0x00000000eae80000, 0x0000000100000000)
  eden space 96768K, 80% used [0x00000000e0000000,0x00000000e4c6daf8,0x00000000e5e80000)
  from space 7680K, 99% used [0x00000000e7700000,0x00000000e7e7a468,0x00000000e7e80000)
  to   space 25088K, 0% used [0x00000000e5e80000,0x00000000e5e80000,0x00000000e7700000)
 ParOldGen       total 152576K, used 37284K [0x00000000a0000000, 0x00000000a9500000, 0x00000000e0000000)
  object space 152576K, 24% used [0x00000000a0000000,0x00000000a2469298,0x00000000a9500000)
 Metaspace       used 49869K, capacity 50677K, committed 50944K, reserved 1093632K
  class space    used 6155K, capacity 6352K, committed 6400K, reserved 1048576K

Card table byte_map: [0x00007f61b5bca000,0x00007f61b5ecb000] byte_map_base: 0x00007f61b56ca000

Marking Bits: (ParMarkBitMap*) 0x00007f61b85aa440
 Begin Bits: [0x00007f6199000000, 0x00007f619a800000)
 End Bits:   [0x00007f619a800000, 0x00007f619c000000)

Polling page: 0x00007f61b9228000

CodeCache: size=245760Kb used=16152Kb max_used=16157Kb free=229607Kb
 bounds [0x00007f61a1000000, 0x00007f61a1fe0000, 0x00007f61b0000000]
 total_blobs=5747 nmethods=5249 adapters=411
 compilation: enabled

Compilation events (10 events):
Event: 6,289 Thread 0x00007f61b00be800 5482       3       org.jetbrains.kotlin.com.google.common.collect.RegularImmutableMap::get (60 bytes)
Event: 6,290 Thread 0x00007f61b00be800 nmethod 5482 0x00007f61a1fc3290 code [0x00007f61a1fc3460, 0x00007f61a1fc3b68]
Event: 6,290 Thread 0x00007f61b00be800 5481       3       org.jetbrains.kotlin.com.google.common.collect.RegularImmutableMap::get (13 bytes)
Event: 6,290 Thread 0x00007f61b00ba000 nmethod 5474 0x00007f61a1fd1190 code [0x00007f61a1fd1460, 0x00007f61a1fd1ce8]
Event: 6,290 Thread 0x00007f61b00ba000 5476       4       org.jetbrains.kotlin.codegen.signature.AsmTypeFactory::createFromString (11 bytes)
Event: 6,290 Thread 0x00007f61b00be800 nmethod 5481 0x00007f61a1fc4050 code [0x00007f61a1fc41c0, 0x00007f61a1fc4348]
Event: 6,296 Thread 0x00007f61b00be800 5485       3       org.jetbrains.kotlin.load.kotlin.JvmDescriptorTypeWriter::writeArrayType (23 bytes)
Event: 6,297 Thread 0x00007f61b00be800 nmethod 5485 0x00007f61a1fd2ed0 code [0x00007f61a1fd3040, 0x00007f61a1fd31d0]
Event: 6,297 Thread 0x00007f61b00be800 5486       3       org.jetbrains.kotlin.load.kotlin.JvmDescriptorTypeWriter::writeArrayEnd (1 bytes)
Event: 6,297 Thread 0x00007f61b00be800 nmethod 5486 0x00007f61a1fd2b90 code [0x00007f61a1fd2ce0, 0x00007f61a1fd2e30]

GC Heap History (10 events):
Event: 2,171 GC heap before
{Heap before GC invocations=5 (full 2):
 PSYoungGen      total 55808K, used 6877K [0x00000000e0000000, 0x00000000e6d00000, 0x0000000100000000)
  eden space 48128K, 0% used [0x00000000e0000000,0x00000000e0000000,0x00000000e2f00000)
  from space 7680K, 89% used [0x00000000e2f00000,0x00000000e35b7640,0x00000000e3680000)
  to   space 7680K, 0% used [0x00000000e6580000,0x00000000e6580000,0x00000000e6d00000)
 ParOldGen       total 126976K, used 5488K [0x00000000a0000000, 0x00000000a7c00000, 0x00000000e0000000)
  object space 126976K, 4% used [0x00000000a0000000,0x00000000a055c250,0x00000000a7c00000)
 Metaspace       used 20691K, capacity 21074K, committed 21296K, reserved 1069056K
  class space    used 2499K, capacity 2625K, committed 2688K, reserved 1048576K
Event: 2,194 GC heap after
Heap after GC invocations=5 (full 2):
 PSYoungGen      total 55808K, used 0K [0x00000000e0000000, 0x00000000e6d00000, 0x0000000100000000)
  eden space 48128K, 0% used [0x00000000e0000000,0x00000000e0000000,0x00000000e2f00000)
  from space 7680K, 0% used [0x00000000e2f00000,0x00000000e2f00000,0x00000000e3680000)
  to   space 7680K, 0% used [0x00000000e6580000,0x00000000e6580000,0x00000000e6d00000)
 ParOldGen       total 84480K, used 8168K [0x00000000a0000000, 0x00000000a5280000, 0x00000000e0000000)
  object space 84480K, 9% used [0x00000000a0000000,0x00000000a07fa028,0x00000000a5280000)
 Metaspace       used 20691K, capacity 21074K, committed 21296K, reserved 1069056K
  class space    used 2499K, capacity 2625K, committed 2688K, reserved 1048576K
}
Event: 2,705 GC heap before
{Heap before GC invocations=6 (full 2):
 PSYoungGen      total 55808K, used 48128K [0x00000000e0000000, 0x00000000e6d00000, 0x0000000100000000)
  eden space 48128K, 100% used [0x00000000e0000000,0x00000000e2f00000,0x00000000e2f00000)
  from space 7680K, 0% used [0x00000000e2f00000,0x00000000e2f00000,0x00000000e3680000)
  to   space 7680K, 0% used [0x00000000e6580000,0x00000000e6580000,0x00000000e6d00000)
 ParOldGen       total 84480K, used 8168K [0x00000000a0000000, 0x00000000a5280000, 0x00000000e0000000)
  object space 84480K, 9% used [0x00000000a0000000,0x00000000a07fa028,0x00000000a5280000)
 Metaspace       used 27229K, capacity 27810K, committed 28032K, reserved 1073152K
  class space    used 3477K, capacity 3641K, committed 3712K, reserved 1048576K
Event: 2,717 GC heap after
Heap after GC invocations=6 (full 2):
 PSYoungGen      total 81920K, used 7656K [0x00000000e0000000, 0x00000000e6d00000, 0x0000000100000000)
  eden space 74240K, 0% used [0x00000000e0000000,0x00000000e0000000,0x00000000e4880000)
  from space 7680K, 99% used [0x00000000e6580000,0x00000000e6cfa298,0x00000000e6d00000)
  to   space 7680K, 0% used [0x00000000e5e00000,0x00000000e5e00000,0x00000000e6580000)
 ParOldGen       total 84480K, used 11269K [0x00000000a0000000, 0x00000000a5280000, 0x00000000e0000000)
  object space 84480K, 13% used [0x00000000a0000000,0x00000000a0b01728,0x00000000a5280000)
 Metaspace       used 27229K, capacity 27810K, committed 28032K, reserved 1073152K
  class space    used 3477K, capacity 3641K, committed 3712K, reserved 1048576K
}
Event: 3,432 GC heap before
{Heap before GC invocations=7 (full 2):
 PSYoungGen      total 81920K, used 53429K [0x00000000e0000000, 0x00000000e6d00000, 0x0000000100000000)
  eden space 74240K, 61% used [0x00000000e0000000,0x00000000e2cb3320,0x00000000e4880000)
  from space 7680K, 99% used [0x00000000e6580000,0x00000000e6cfa298,0x00000000e6d00000)
  to   space 7680K, 0% used [0x00000000e5e00000,0x00000000e5e00000,0x00000000e6580000)
 ParOldGen       total 84480K, used 11269K [0x00000000a0000000, 0x00000000a5280000, 0x00000000e0000000)
  object space 84480K, 13% used [0x00000000a0000000,0x00000000a0b01728,0x00000000a5280000)
 Metaspace       used 34660K, capacity 35198K, committed 35496K, reserved 1081344K
  class space    used 4380K, capacity 4531K, committed 4608K, reserved 1048576K
Event: 3,443 GC heap after
Heap after GC invocations=7 (full 2):
 PSYoungGen      total 103936K, used 7653K [0x00000000e0000000, 0x00000000e7e80000, 0x0000000100000000)
  eden space 96256K, 0% used [0x00000000e0000000,0x00000000e0000000,0x00000000e5e00000)
  from space 7680K, 99% used [0x00000000e5e00000,0x00000000e6579650,0x00000000e6580000)
  to   space 7680K, 0% used [0x00000000e7700000,0x00000000e7700000,0x00000000e7e80000)
 ParOldGen       total 84480K, used 19774K [0x00000000a0000000, 0x00000000a5280000, 0x00000000e0000000)
  object space 84480K, 23% used [0x00000000a0000000,0x00000000a134f838,0x00000000a5280000)
 Metaspace       used 34660K, capacity 35198K, committed 35496K, reserved 1081344K
  class space    used 4380K, capacity 4531K, committed 4608K, reserved 1048576K
}
Event: 3,443 GC heap before
{Heap before GC invocations=8 (full 3):
 PSYoungGen      total 103936K, used 7653K [0x00000000e0000000, 0x00000000e7e80000, 0x0000000100000000)
  eden space 96256K, 0% used [0x00000000e0000000,0x00000000e0000000,0x00000000e5e00000)
  from space 7680K, 99% used [0x00000000e5e00000,0x00000000e6579650,0x00000000e6580000)
  to   space 7680K, 0% used [0x00000000e7700000,0x00000000e7700000,0x00000000e7e80000)
 ParOldGen       total 84480K, used 19774K [0x00000000a0000000, 0x00000000a5280000, 0x00000000e0000000)
  object space 84480K, 23% used [0x00000000a0000000,0x00000000a134f838,0x00000000a5280000)
 Metaspace       used 34660K, capacity 35198K, committed 35496K, reserved 1081344K
  class space    used 4380K, capacity 4531K, committed 4608K, reserved 1048576K
Event: 3,514 GC heap after
Heap after GC invocations=8 (full 3):
 PSYoungGen      total 103936K, used 0K [0x00000000e0000000, 0x00000000e7e80000, 0x0000000100000000)
  eden space 96256K, 0% used [0x00000000e0000000,0x00000000e0000000,0x00000000e5e00000)
  from space 7680K, 0% used [0x00000000e5e00000,0x00000000e5e00000,0x00000000e6580000)
  to   space 7680K, 0% used [0x00000000e7700000,0x00000000e7700000,0x00000000e7e80000)
 ParOldGen       total 152576K, used 20769K [0x00000000a0000000, 0x00000000a9500000, 0x00000000e0000000)
  object space 152576K, 13% used [0x00000000a0000000,0x00000000a14486d8,0x00000000a9500000)
 Metaspace       used 34660K, capacity 35198K, committed 35496K, reserved 1081344K
  class space    used 4380K, capacity 4531K, committed 4608K, reserved 1048576K
}
Event: 4,918 GC heap before
{Heap before GC invocations=9 (full 3):
 PSYoungGen      total 103936K, used 96256K [0x00000000e0000000, 0x00000000e7e80000, 0x0000000100000000)
  eden space 96256K, 100% used [0x00000000e0000000,0x00000000e5e00000,0x00000000e5e00000)
  from space 7680K, 0% used [0x00000000e5e00000,0x00000000e5e00000,0x00000000e6580000)
  to   space 7680K, 0% used [0x00000000e7700000,0x00000000e7700000,0x00000000e7e80000)
 ParOldGen       total 152576K, used 20769K [0x00000000a0000000, 0x00000000a9500000, 0x00000000e0000000)
  object space 152576K, 13% used [0x00000000a0000000,0x00000000a14486d8,0x00000000a9500000)
 Metaspace       used 40827K, capacity 41497K, committed 41856K, reserved 1085440K
  class space    used 5080K, capacity 5240K, committed 5248K, reserved 1048576K
Event: 4,949 GC heap after
Heap after GC invocations=9 (full 3):
 PSYoungGen      total 104448K, used 7657K [0x00000000e0000000, 0x00000000eae80000, 0x0000000100000000)
  eden space 96768K, 0% used [0x00000000e0000000,0x00000000e0000000,0x00000000e5e80000)
  from space 7680K, 99% used [0x00000000e7700000,0x00000000e7e7a468,0x00000000e7e80000)
  to   space 25088K, 0% used [0x00000000e5e80000,0x00000000e5e80000,0x00000000e7700000)
 ParOldGen       total 152576K, used 37284K [0x00000000a0000000, 0x00000000a9500000, 0x00000000e0000000)
  object space 152576K, 24% used [0x00000000a0000000,0x00000000a2469298,0x00000000a9500000)
 Metaspace       used 40827K, capacity 41497K, committed 41856K, reserved 1085440K
  class space    used 5080K, capacity 5240K, committed 5248K, reserved 1048576K
}

Deoptimization events (10 events):
Event: 6,030 Thread 0x00007f615c003800 Uncommon trap: reason=bimorphic action=maybe_recompile pc=0x00007f61a11f444c method=org.jetbrains.kotlin.resolve.OverridingUtil.collectOverriddenDeclarations(Lorg/jetbrains/kotlin/descriptors/CallableMemberDescriptor;Ljava/util/Set;)V @ 1
Event: 6,030 Thread 0x00007f615c003800 Uncommon trap: reason=bimorphic action=maybe_recompile pc=0x00007f61a11f444c method=org.jetbrains.kotlin.resolve.OverridingUtil.collectOverriddenDeclarations(Lorg/jetbrains/kotlin/descriptors/CallableMemberDescriptor;Ljava/util/Set;)V @ 1
Event: 6,030 Thread 0x00007f615c003800 Uncommon trap: reason=bimorphic action=maybe_recompile pc=0x00007f61a11f444c method=org.jetbrains.kotlin.resolve.OverridingUtil.collectOverriddenDeclarations(Lorg/jetbrains/kotlin/descriptors/CallableMemberDescriptor;Ljava/util/Set;)V @ 1
Event: 6,032 Thread 0x00007f615c003800 Uncommon trap: reason=class_check action=maybe_recompile pc=0x00007f61a1e27bc4 method=org.jetbrains.kotlin.serialization.deserialization.descriptors.DeserializedMemberScope.getContributedClassifier(Lorg/jetbrains/kotlin/name/Name;Lorg/jetbrains/kotlin/inc
Event: 6,032 Thread 0x00007f615c003800 Uncommon trap: reason=class_check action=maybe_recompile pc=0x00007f61a1e27bc4 method=org.jetbrains.kotlin.serialization.deserialization.descriptors.DeserializedMemberScope.getContributedClassifier(Lorg/jetbrains/kotlin/name/Name;Lorg/jetbrains/kotlin/inc
Event: 6,177 Thread 0x00007f615c003800 Uncommon trap: reason=class_check action=maybe_recompile pc=0x00007f61a1dc69dc method=kotlin.collections.CollectionsKt___CollectionsKt.toSet(Ljava/lang/Iterable;)Ljava/util/Set; @ 62
Event: 6,177 Thread 0x00007f615c003800 Uncommon trap: reason=class_check action=maybe_recompile pc=0x00007f61a1dc69dc method=kotlin.collections.CollectionsKt___CollectionsKt.toSet(Ljava/lang/Iterable;)Ljava/util/Set; @ 62
Event: 6,177 Thread 0x00007f615c003800 Uncommon trap: reason=class_check action=maybe_recompile pc=0x00007f61a1dc69dc method=kotlin.collections.CollectionsKt___CollectionsKt.toSet(Ljava/lang/Iterable;)Ljava/util/Set; @ 62
Event: 6,177 Thread 0x00007f615c003800 Uncommon trap: reason=class_check action=maybe_recompile pc=0x00007f61a1dc69dc method=kotlin.collections.CollectionsKt___CollectionsKt.toSet(Ljava/lang/Iterable;)Ljava/util/Set; @ 62
Event: 6,252 Thread 0x00007f615c003800 Uncommon trap: reason=range_check action=make_not_entrant pc=0x00007f61a1f8e8c8 method=org.jetbrains.org.objectweb.asm.Type.getType([CI)Lorg/jetbrains/org/objectweb/asm/Type; @ 2

Classes redefined (0 events):
No events

Internal exceptions (10 events):
Event: 5,254 Thread 0x00007f615c003800 Exception <a 'java/lang/NoSuchMethodError': java.lang.Object.lambda$static$0(I)[Lorg/jetbrains/kotlin/com/intellij/psi/PsiField;> (0x00000000e0bc1c58) thrown at [/usr/local/google/home/ralucas/source/AOSP-openjdk-git/jdk8u/hotspot/src/share/vm/interpreter
Event: 5,277 Thread 0x00007f615c003800 Exception <a 'java/lang/NoSuchMethodError': java.lang.Object.lambda$static$0(I)[Lorg/jetbrains/kotlin/com/intellij/psi/PsiJavaCodeReferenceElement;> (0x00000000e0ca24b8) thrown at [/usr/local/google/home/ralucas/source/AOSP-openjdk-git/jdk8u/hotspot/src/s
Event: 5,365 Thread 0x00007f615c003800 Implicit null exception at 0x00007f61a166170c to 0x00007f61a16617c1
Event: 5,598 Thread 0x00007f615c003800 Implicit null exception at 0x00007f61a1252f35 to 0x00007f61a1253111
Event: 5,601 Thread 0x00007f615c003800 Implicit null exception at 0x00007f61a17b5b41 to 0x00007f61a17b5f31
Event: 5,601 Thread 0x00007f615c003800 Implicit null exception at 0x00007f61a173dd05 to 0x00007f61a173e07d
Event: 5,601 Thread 0x00007f615c003800 Implicit null exception at 0x00007f61a172404c to 0x00007f61a17240b6
Event: 5,801 Thread 0x00007f615c003800 Exception <a 'java/lang/NoSuchMethodError': java.lang.Object.lambda$static$0(Ljava/lang/Throwable;Ljava/lang/String;)V> (0x00000000e28ab990) thrown at [/usr/local/google/home/ralucas/source/AOSP-openjdk-git/jdk8u/hotspot/src/share/vm/interpreter/linkResol
Event: 5,938 Thread 0x00007f615c003800 Exception <a 'java/lang/NoSuchMethodError': java.lang.Object.lambda$static$0(Lorg/jetbrains/kotlin/descriptors/ValueParameterDescriptor;Lorg/jetbrains/kotlin/codegen/ExpressionCodegen;)Lorg/jetbrains/kotlin/codegen/StackValue;> (0x00000000e3187298) thrown
Event: 6,017 Thread 0x00007f615c003800 Implicit null exception at 0x00007f61a137621b to 0x00007f61a1376865

Events (10 events):
Event: 6,177 Thread 0x00007f615c003800 DEOPT UNPACKING pc=0x00007f61a104547a sp=0x00007f61902c8698 mode 2
Event: 6,177 Thread 0x00007f615c003800 Uncommon trap: trap_request=0xffffffde fr.pc=0x00007f61a1dc69dc
Event: 6,177 Thread 0x00007f615c003800 DEOPT PACKING pc=0x00007f61a1dc69dc sp=0x00007f61902c89f0
Event: 6,177 Thread 0x00007f615c003800 DEOPT UNPACKING pc=0x00007f61a104547a sp=0x00007f61902c89e8 mode 2
Event: 6,177 Thread 0x00007f615c003800 Uncommon trap: trap_request=0xffffffde fr.pc=0x00007f61a1dc69dc
Event: 6,177 Thread 0x00007f615c003800 DEOPT PACKING pc=0x00007f61a1dc69dc sp=0x00007f61902c8d40
Event: 6,177 Thread 0x00007f615c003800 DEOPT UNPACKING pc=0x00007f61a104547a sp=0x00007f61902c8d38 mode 2
Event: 6,252 Thread 0x00007f615c003800 Uncommon trap: trap_request=0xffffffe4 fr.pc=0x00007f61a1f8e8c8
Event: 6,252 Thread 0x00007f615c003800 DEOPT PACKING pc=0x00007f61a1f8e8c8 sp=0x00007f61902c8d30
Event: 6,252 Thread 0x00007f615c003800 DEOPT UNPACKING pc=0x00007f61a104547a sp=0x00007f61902c8bd0 mode 2


Dynamic libraries:
00400000-00401000 r-xp 00000000 08:01 2754099                            /opt/android-studio/jre/jre/bin/java
00600000-00601000 r--p 00000000 08:01 2754099                            /opt/android-studio/jre/jre/bin/java
00601000-00602000 rw-p 00001000 08:01 2754099                            /opt/android-studio/jre/jre/bin/java
00a22000-00a43000 rw-p 00000000 00:00 0                                  [heap]
a0000000-a9500000 rw-p 00000000 00:00 0 
a9500000-e0000000 ---p 00000000 00:00 0 
e0000000-eae80000 rw-p 00000000 00:00 0 
eae80000-100000000 ---p 00000000 00:00 0 
100000000-100640000 rw-p 00000000 00:00 0 
100640000-140000000 ---p 00000000 00:00 0 
7f6141df8000-7f6141f78000 rw-p 00000000 00:00 0 
7f6141f78000-7f6141ff8000 ---p 00000000 00:00 0 
7f6141ff8000-7f61421f8000 rw-p 00000000 00:00 0 
7f61421f8000-7f61423f8000 rw-p 00000000 00:00 0 
7f61423f8000-7f61425f8000 rw-p 00000000 00:00 0 
7f61425f8000-7f61427f8000 rw-p 00000000 00:00 0 
7f61427f8000-7f61429f8000 rw-p 00000000 00:00 0 
7f61429f8000-7f6142bf8000 rw-p 00000000 00:00 0 
7f6142bf8000-7f6142df8000 rw-p 00000000 00:00 0 
7f6142df8000-7f6142ff8000 rw-p 00000000 00:00 0 
7f6143000000-7f6143200000 rw-p 00000000 00:00 0 
7f6143200000-7f6143400000 rw-p 00000000 00:00 0 
7f6143400000-7f6143600000 rw-p 00000000 00:00 0 
7f6143600000-7f6143800000 rw-p 00000000 00:00 0 
7f6143800000-7f6143a00000 rw-p 00000000 00:00 0 
7f6143a00000-7f6143c00000 rw-p 00000000 00:00 0 
7f6143c00000-7f6143e00000 rw-p 00000000 00:00 0 
7f6143e00000-7f6144000000 rw-p 00000000 00:00 0 
7f6144000000-7f6144021000 rw-p 00000000 00:00 0 
7f6144021000-7f6148000000 ---p 00000000 00:00 0 
7f6148000000-7f61497e4000 rw-p 00000000 00:00 0 
7f61497e4000-7f614c000000 ---p 00000000 00:00 0 
7f614c000000-7f614c021000 rw-p 00000000 00:00 0 
7f614c021000-7f6150000000 ---p 00000000 00:00 0 
7f6150000000-7f6150021000 rw-p 00000000 00:00 0 
7f6150021000-7f6154000000 ---p 00000000 00:00 0 
7f6154000000-7f6154021000 rw-p 00000000 00:00 0 
7f6154021000-7f6158000000 ---p 00000000 00:00 0 
7f6158000000-7f6158021000 rw-p 00000000 00:00 0 
7f6158021000-7f615c000000 ---p 00000000 00:00 0 
7f615c000000-7f615c021000 rw-p 00000000 00:00 0 
7f615c021000-7f6160000000 ---p 00000000 00:00 0 
7f6160000000-7f6160021000 rw-p 00000000 00:00 0 
7f6160021000-7f6164000000 ---p 00000000 00:00 0 
7f6164000000-7f6164021000 rw-p 00000000 00:00 0 
7f6164021000-7f6168000000 ---p 00000000 00:00 0 
7f6168000000-7f6168021000 rw-p 00000000 00:00 0 
7f6168021000-7f616c000000 ---p 00000000 00:00 0 
7f616c000000-7f616d951000 rw-p 00000000 00:00 0 
7f616d951000-7f6170000000 ---p 00000000 00:00 0 
7f6170000000-7f6170a7c000 rw-p 00000000 00:00 0 
7f6170a7c000-7f6174000000 ---p 00000000 00:00 0 
7f6174000000-7f6174021000 rw-p 00000000 00:00 0 
7f6174021000-7f6178000000 ---p 00000000 00:00 0 
7f6178000000-7f617970a000 rw-p 00000000 00:00 0 
7f617970a000-7f617c000000 ---p 00000000 00:00 0 
7f617c000000-7f617c021000 rw-p 00000000 00:00 0 
7f617c021000-7f6180000000 ---p 00000000 00:00 0 
7f6180000000-7f6180021000 rw-p 00000000 00:00 0 
7f6180021000-7f6184000000 ---p 00000000 00:00 0 
7f6184000000-7f6184021000 rw-p 00000000 00:00 0 
7f6184021000-7f6188000000 ---p 00000000 00:00 0 
7f6188000000-7f6188021000 rw-p 00000000 00:00 0 
7f6188021000-7f618c000000 ---p 00000000 00:00 0 
7f618c000000-7f618c021000 rw-p 00000000 00:00 0 
7f618c021000-7f6190000000 ---p 00000000 00:00 0 
7f61900c1000-7f61901cd000 r--s 01b1a000 08:01 14550934                   /home/ssaczkowski/Android/Sdk/platforms/android-27/android.jar
7f61901cd000-7f61901d0000 ---p 00000000 00:00 0 
7f61901d0000-7f61902ce000 rw-p 00000000 00:00 0 
7f61902ce000-7f61902d1000 ---p 00000000 00:00 0 
7f61902d1000-7f61905cf000 rw-p 00000000 00:00 0 
7f61905cf000-7f61905d2000 ---p 00000000 00:00 0 
7f61905d2000-7f61906d0000 rw-p 00000000 00:00 0 
7f61906d0000-7f61906d3000 ---p 00000000 00:00 0 
7f61906d3000-7f61907d1000 rw-p 00000000 00:00 0 
7f61907d1000-7f61907d4000 ---p 00000000 00:00 0 
7f61907d4000-7f61908d2000 rw-p 00000000 00:00 0 
7f61908d2000-7f61908d5000 ---p 00000000 00:00 0 
7f61908d5000-7f61909d3000 rw-p 00000000 00:00 0 
7f61909d3000-7f61909d6000 ---p 00000000 00:00 0 
7f61909d6000-7f6190ad4000 rw-p 00000000 00:00 0 
7f6190ad4000-7f6190ad7000 ---p 00000000 00:00 0 
7f6190ad7000-7f6193bd6000 rw-p 00000000 00:00 0 
7f6193bd6000-7f6193bec000 r-xp 00000000 08:01 2754139                    /opt/android-studio/jre/jre/lib/amd64/libnet.so
7f6193bec000-7f6193dec000 ---p 00016000 08:01 2754139                    /opt/android-studio/jre/jre/lib/amd64/libnet.so
7f6193dec000-7f6193ded000 r--p 00016000 08:01 2754139                    /opt/android-studio/jre/jre/lib/amd64/libnet.so
7f6193ded000-7f6193dee000 rw-p 00017000 08:01 2754139                    /opt/android-studio/jre/jre/lib/amd64/libnet.so
7f6193dee000-7f6193dff000 r-xp 00000000 08:01 2754140                    /opt/android-studio/jre/jre/lib/amd64/libnio.so
7f6193dff000-7f6193ffe000 ---p 00011000 08:01 2754140                    /opt/android-studio/jre/jre/lib/amd64/libnio.so
7f6193ffe000-7f6193fff000 r--p 00010000 08:01 2754140                    /opt/android-studio/jre/jre/lib/amd64/libnio.so
7f6193fff000-7f6194000000 rw-p 00011000 08:01 2754140                    /opt/android-studio/jre/jre/lib/amd64/libnio.so
7f6194000000-7f619402b000 rw-p 00000000 00:00 0 
7f619402b000-7f6198000000 ---p 00000000 00:00 0 
7f61980c1000-7f61980c7000 r--s 00043000 08:01 44303622                   /home/ssaczkowski/.gradle/caches/transforms-1/files-1.1/design-27.1.1.aar/93318de5823091388f472d0a906ba385/jars/classes.jar
7f61980c7000-7f61980cb000 r--s 00043000 08:01 44172113                   /home/ssaczkowski/.gradle/caches/transforms-1/files-1.1/support-core-ui-27.1.1.aar/a4353b001fb10e6fb8848c397742314e/jars/classes.jar
7f61980cb000-7f61980d7000 r--s 00080000 08:01 44172350                   /home/ssaczkowski/.gradle/caches/transforms-1/files-1.1/support-compat-27.1.1.aar/1e5227c36093632aec710b014d6e2f06/jars/classes.jar
7f61980d7000-7f61980da000 r--s 00017000 08:01 44172093                   /home/ssaczkowski/.gradle/caches/transforms-1/files-1.1/support-core-utils-27.1.1.aar/3e3382f4fb312e528d6d2dfa31366c80/jars/classes.jar
7f61980da000-7f61980e5000 r--s 000a0000 08:01 44302409                   /home/ssaczkowski/.gradle/caches/transforms-1/files-1.1/appcompat-v7-27.1.1.aar/472adcb3902b9c6da4c35d87ea265841/jars/classes.jar
7f61980e5000-7f61980f7000 r--s 00345000 08:01 2754218                    /opt/android-studio/jre/jre/lib/resources.jar
7f61980f7000-7f6198170000 r--s 010fd000 08:01 2754246                    /opt/android-studio/jre/lib/tools.jar
7f6198170000-7f6198179000 r-xp 00000000 08:01 2754137                    /opt/android-studio/jre/jre/lib/amd64/libmanagement.so
7f6198179000-7f6198378000 ---p 00009000 08:01 2754137                    /opt/android-studio/jre/jre/lib/amd64/libmanagement.so
7f6198378000-7f6198379000 r--p 00008000 08:01 2754137                    /opt/android-studio/jre/jre/lib/amd64/libmanagement.so
7f6198379000-7f619837a000 rw-p 00009000 08:01 2754137                    /opt/android-studio/jre/jre/lib/amd64/libmanagement.so
7f619837a000-7f6198530000 r--s 017ec000 08:01 14159952                   /home/ssaczkowski/.gradle/caches/modules-2/files-2.1/org.jetbrains.kotlin/kotlin-compiler-embeddable/1.2.30/9b3f10d4717b9ac238b287e9b6eb2b4eadd8e870/kotlin-compiler-embeddable-1.2.30.jar
7f6198530000-7f6198531000 ---p 00000000 00:00 0 
7f6198531000-7f6198631000 rw-p 00000000 00:00 0 
7f6198631000-7f6199000000 r--p 00000000 08:01 9704583                    /usr/lib/locale/locale-archive
7f6199000000-7f619c000000 rw-p 00000000 00:00 0 
7f619c000000-7f619c021000 rw-p 00000000 00:00 0 
7f619c021000-7f61a0000000 ---p 00000000 00:00 0 
7f61a0000000-7f61a0004000 r--s 00029000 08:01 44172099                   /home/ssaczkowski/.gradle/caches/transforms-1/files-1.1/support-fragment-27.1.1.aar/95c88c4d9c1b223f1f487d607de271ce/jars/classes.jar
7f61a0004000-7f61a001f000 r--s 00394000 08:01 2754165                    /opt/android-studio/jre/jre/lib/ext/cldrdata.jar
7f61a001f000-7f61a0053000 r--s 00245000 08:01 14159957                   /home/ssaczkowski/.gradle/caches/modules-2/files-2.1/org.jetbrains.kotlin/kotlin-reflect/1.2.30/9758025a415ee400e1f90ff222bcfec247779133/kotlin-reflect-1.2.30.jar
7f61a0053000-7f61a008e000 rw-p 00000000 00:00 0 
7f61a008e000-7f61a0091000 ---p 00000000 00:00 0 
7f61a0091000-7f61a018f000 rw-p 00000000 00:00 0 
7f61a018f000-7f61a0190000 ---p 00000000 00:00 0 
7f61a0190000-7f61a0193000 ---p 00000000 00:00 0 
7f61a0193000-7f61a0290000 rw-p 00000000 00:00 0 
7f61a0290000-7f61a0291000 ---p 00000000 00:00 0 
7f61a0291000-7f61a0294000 ---p 00000000 00:00 0 
7f61a0294000-7f61a0391000 rw-p 00000000 00:00 0 
7f61a0391000-7f61a0392000 ---p 00000000 00:00 0 
7f61a0392000-7f61a0395000 ---p 00000000 00:00 0 
7f61a0395000-7f61a0492000 rw-p 00000000 00:00 0 
7f61a0492000-7f61a0495000 ---p 00000000 00:00 0 
7f61a0495000-7f61a0593000 rw-p 00000000 00:00 0 
7f61a0593000-7f61a0596000 ---p 00000000 00:00 0 
7f61a0596000-7f61a0694000 rw-p 00000000 00:00 0 
7f61a0694000-7f61a0697000 ---p 00000000 00:00 0 
7f61a0697000-7f61a0795000 rw-p 00000000 00:00 0 
7f61a0795000-7f61a0796000 ---p 00000000 00:00 0 
7f61a0796000-7f61a1000000 rw-p 00000000 00:00 0 
7f61a1000000-7f61a1fe0000 rwxp 00000000 00:00 0 
7f61a1fe0000-7f61b0000000 ---p 00000000 00:00 0 
7f61b0000000-7f61b043c000 rw-p 00000000 00:00 0 
7f61b043c000-7f61b4000000 ---p 00000000 00:00 0 
7f61b4002000-7f61b4004000 r--s 00003000 08:01 14160270                   /home/ssaczkowski/.gradle/caches/modules-2/files-2.1/org.jetbrains/annotations/13.0/919f0dfe192fb4e063e7dacadee7f8bb9a2672a9/annotations-13.0.jar
7f61b4004000-7f61b4006000 r--s 00004000 08:01 14160005                   /home/ssaczkowski/.gradle/caches/modules-2/files-2.1/android.arch.lifecycle/common/1.1.0/edf3f7bfb84a7521d0599efa3b0113a0ee90f85/common-1.1.0.jar
7f61b4006000-7f61b4007000 r--s 00002000 08:01 44172384                   /home/ssaczkowski/.gradle/caches/transforms-1/files-1.1/runtime-1.1.0.aar/e2cba7be609aba9c330c0f9729931f74/jars/classes.jar
7f61b4007000-7f61b4009000 r--s 00019000 08:01 14160096                   /home/ssaczkowski/.gradle/caches/modules-2/files-2.1/com.android.support.constraint/constraint-layout-solver/1.1.2/bfc967828daffc35ba01c9ee204d98b664930a0f/constraint-layout-solver-1.1.2.jar
7f61b4009000-7f61b4880000 rw-p 00000000 00:00 0 
7f61b4880000-7f61b4a50000 r--s 03c46000 08:01 2754219                    /opt/android-studio/jre/jre/lib/rt.jar
7f61b4a50000-7f61b55c6000 rw-p 00000000 00:00 0 
7f61b55c6000-7f61b55c7000 ---p 00000000 00:00 0 
7f61b55c7000-7f61b56c7000 rw-p 00000000 00:00 0 
7f61b56c7000-7f61b56c8000 ---p 00000000 00:00 0 
7f61b56c8000-7f61b57c8000 rw-p 00000000 00:00 0 
7f61b57c8000-7f61b57c9000 ---p 00000000 00:00 0 
7f61b57c9000-7f61b58c9000 rw-p 00000000 00:00 0 
7f61b58c9000-7f61b58ca000 ---p 00000000 00:00 0 
7f61b58ca000-7f61b5a15000 rw-p 00000000 00:00 0 
7f61b5a15000-7f61b5bca000 ---p 00000000 00:00 0 
7f61b5bca000-7f61b5c15000 rw-p 00000000 00:00 0 
7f61b5c15000-7f61b5dca000 ---p 00000000 00:00 0 
7f61b5dca000-7f61b5e22000 rw-p 00000000 00:00 0 
7f61b5e22000-7f61b5eca000 ---p 00000000 00:00 0 
7f61b5eca000-7f61b5f0b000 rw-p 00000000 00:00 0 
7f61b5f0b000-7f61b628b000 ---p 00000000 00:00 0 
7f61b628b000-7f61b62a5000 r-xp 00000000 08:01 2754148                    /opt/android-studio/jre/jre/lib/amd64/libzip.so
7f61b62a5000-7f61b64a5000 ---p 0001a000 08:01 2754148                    /opt/android-studio/jre/jre/lib/amd64/libzip.so
7f61b64a5000-7f61b64a6000 r--p 0001a000 08:01 2754148                    /opt/android-studio/jre/jre/lib/amd64/libzip.so
7f61b64a6000-7f61b64a7000 rw-p 0001b000 08:01 2754148                    /opt/android-studio/jre/jre/lib/amd64/libzip.so
7f61b64a7000-7f61b64b2000 r-xp 00000000 08:01 10225688                   /lib/x86_64-linux-gnu/libnss_files-2.27.so
7f61b64b2000-7f61b66b1000 ---p 0000b000 08:01 10225688                   /lib/x86_64-linux-gnu/libnss_files-2.27.so
7f61b66b1000-7f61b66b2000 r--p 0000a000 08:01 10225688                   /lib/x86_64-linux-gnu/libnss_files-2.27.so
7f61b66b2000-7f61b66b3000 rw-p 0000b000 08:01 10225688                   /lib/x86_64-linux-gnu/libnss_files-2.27.so
7f61b66b3000-7f61b66b9000 rw-p 00000000 00:00 0 
7f61b66b9000-7f61b66d0000 r-xp 00000000 08:01 10225682                   /lib/x86_64-linux-gnu/libnsl-2.27.so
7f61b66d0000-7f61b68cf000 ---p 00017000 08:01 10225682                   /lib/x86_64-linux-gnu/libnsl-2.27.so
7f61b68cf000-7f61b68d0000 r--p 00016000 08:01 10225682                   /lib/x86_64-linux-gnu/libnsl-2.27.so
7f61b68d0000-7f61b68d1000 rw-p 00017000 08:01 10225682                   /lib/x86_64-linux-gnu/libnsl-2.27.so
7f61b68d1000-7f61b68d3000 rw-p 00000000 00:00 0 
7f61b68d3000-7f61b68de000 r-xp 00000000 08:01 10225698                   /lib/x86_64-linux-gnu/libnss_nis-2.27.so
7f61b68de000-7f61b6add000 ---p 0000b000 08:01 10225698                   /lib/x86_64-linux-gnu/libnss_nis-2.27.so
7f61b6add000-7f61b6ade000 r--p 0000a000 08:01 10225698                   /lib/x86_64-linux-gnu/libnss_nis-2.27.so
7f61b6ade000-7f61b6adf000 rw-p 0000b000 08:01 10225698                   /lib/x86_64-linux-gnu/libnss_nis-2.27.so
7f61b6adf000-7f61b6ae7000 r-xp 00000000 08:01 10225684                   /lib/x86_64-linux-gnu/libnss_compat-2.27.so
7f61b6ae7000-7f61b6ce7000 ---p 00008000 08:01 10225684                   /lib/x86_64-linux-gnu/libnss_compat-2.27.so
7f61b6ce7000-7f61b6ce8000 r--p 00008000 08:01 10225684                   /lib/x86_64-linux-gnu/libnss_compat-2.27.so
7f61b6ce8000-7f61b6ce9000 rw-p 00009000 08:01 10225684                   /lib/x86_64-linux-gnu/libnss_compat-2.27.so
7f61b6ce9000-7f61b6d16000 r-xp 00000000 08:01 2754127                    /opt/android-studio/jre/jre/lib/amd64/libjava.so
7f61b6d16000-7f61b6f15000 ---p 0002d000 08:01 2754127                    /opt/android-studio/jre/jre/lib/amd64/libjava.so
7f61b6f15000-7f61b6f16000 r--p 0002c000 08:01 2754127                    /opt/android-studio/jre/jre/lib/amd64/libjava.so
7f61b6f16000-7f61b6f18000 rw-p 0002d000 08:01 2754127                    /opt/android-studio/jre/jre/lib/amd64/libjava.so
7f61b6f18000-7f61b6f28000 r-xp 00000000 08:01 2754147                    /opt/android-studio/jre/jre/lib/amd64/libverify.so
7f61b6f28000-7f61b7127000 ---p 00010000 08:01 2754147                    /opt/android-studio/jre/jre/lib/amd64/libverify.so
7f61b7127000-7f61b7129000 r--p 0000f000 08:01 2754147                    /opt/android-studio/jre/jre/lib/amd64/libverify.so
7f61b7129000-7f61b712a000 rw-p 00011000 08:01 2754147                    /opt/android-studio/jre/jre/lib/amd64/libverify.so
7f61b712a000-7f61b7131000 r-xp 00000000 08:01 10225739                   /lib/x86_64-linux-gnu/librt-2.27.so
7f61b7131000-7f61b7330000 ---p 00007000 08:01 10225739                   /lib/x86_64-linux-gnu/librt-2.27.so
7f61b7330000-7f61b7331000 r--p 00006000 08:01 10225739                   /lib/x86_64-linux-gnu/librt-2.27.so
7f61b7331000-7f61b7332000 rw-p 00007000 08:01 10225739                   /lib/x86_64-linux-gnu/librt-2.27.so
7f61b7332000-7f61b74cf000 r-xp 00000000 08:01 10225655                   /lib/x86_64-linux-gnu/libm-2.27.so
7f61b74cf000-7f61b76ce000 ---p 0019d000 08:01 10225655                   /lib/x86_64-linux-gnu/libm-2.27.so
7f61b76ce000-7f61b76cf000 r--p 0019c000 08:01 10225655                   /lib/x86_64-linux-gnu/libm-2.27.so
7f61b76cf000-7f61b76d0000 rw-p 0019d000 08:01 10225655                   /lib/x86_64-linux-gnu/libm-2.27.so
7f61b76d0000-7f61b82cc000 r-xp 00000000 08:01 2754152                    /opt/android-studio/jre/jre/lib/amd64/server/libjvm.so
7f61b82cc000-7f61b84cc000 ---p 00bfc000 08:01 2754152                    /opt/android-studio/jre/jre/lib/amd64/server/libjvm.so
7f61b84cc000-7f61b856c000 r--p 00bfc000 08:01 2754152                    /opt/android-studio/jre/jre/lib/amd64/server/libjvm.so
7f61b856c000-7f61b8595000 rw-p 00c9c000 08:01 2754152                    /opt/android-studio/jre/jre/lib/amd64/server/libjvm.so
7f61b8595000-7f61b85d9000 rw-p 00000000 00:00 0 
7f61b85d9000-7f61b85f3000 r-xp 00000000 08:01 10225731                   /lib/x86_64-linux-gnu/libpthread-2.27.so
7f61b85f3000-7f61b87f2000 ---p 0001a000 08:01 10225731                   /lib/x86_64-linux-gnu/libpthread-2.27.so
7f61b87f2000-7f61b87f3000 r--p 00019000 08:01 10225731                   /lib/x86_64-linux-gnu/libpthread-2.27.so
7f61b87f3000-7f61b87f4000 rw-p 0001a000 08:01 10225731                   /lib/x86_64-linux-gnu/libpthread-2.27.so
7f61b87f4000-7f61b87f8000 rw-p 00000000 00:00 0 
7f61b87f8000-7f61b87fb000 r-xp 00000000 08:01 10225613                   /lib/x86_64-linux-gnu/libdl-2.27.so
7f61b87fb000-7f61b89fa000 ---p 00003000 08:01 10225613                   /lib/x86_64-linux-gnu/libdl-2.27.so
7f61b89fa000-7f61b89fb000 r--p 00002000 08:01 10225613                   /lib/x86_64-linux-gnu/libdl-2.27.so
7f61b89fb000-7f61b89fc000 rw-p 00003000 08:01 10225613                   /lib/x86_64-linux-gnu/libdl-2.27.so
7f61b89fc000-7f61b8be3000 r-xp 00000000 08:01 10225590                   /lib/x86_64-linux-gnu/libc-2.27.so
7f61b8be3000-7f61b8de3000 ---p 001e7000 08:01 10225590                   /lib/x86_64-linux-gnu/libc-2.27.so
7f61b8de3000-7f61b8de7000 r--p 001e7000 08:01 10225590                   /lib/x86_64-linux-gnu/libc-2.27.so
7f61b8de7000-7f61b8de9000 rw-p 001eb000 08:01 10225590                   /lib/x86_64-linux-gnu/libc-2.27.so
7f61b8de9000-7f61b8ded000 rw-p 00000000 00:00 0 
7f61b8ded000-7f61b8e03000 r-xp 00000000 08:01 2754113                    /opt/android-studio/jre/jre/lib/amd64/jli/libjli.so
7f61b8e03000-7f61b9002000 ---p 00016000 08:01 2754113                    /opt/android-studio/jre/jre/lib/amd64/jli/libjli.so
7f61b9002000-7f61b9003000 r--p 00015000 08:01 2754113                    /opt/android-studio/jre/jre/lib/amd64/jli/libjli.so
7f61b9003000-7f61b9004000 rw-p 00016000 08:01 2754113                    /opt/android-studio/jre/jre/lib/amd64/jli/libjli.so
7f61b9004000-7f61b902b000 r-xp 00000000 08:01 10225560                   /lib/x86_64-linux-gnu/ld-2.27.so
7f61b902d000-7f61b902f000 r--s 00005000 08:01 14160002                   /home/ssaczkowski/.gradle/caches/modules-2/files-2.1/com.android.support/support-annotations/27.1.1/39ded76b5e1ce1c5b2688e1d25cdc20ecee32007/support-annotations-27.1.1.jar
7f61b902f000-7f61b9030000 r--s 00000000 08:01 14159630                   /home/ssaczkowski/.gradle/caches/modules-2/files-2.1/org.jetbrains.kotlin/kotlin-stdlib-jdk7/1.2.30/ca12c47fc1e3a7316067b2a51e2f214745ebf8c5/kotlin-stdlib-jdk7-1.2.30.jar
7f61b9030000-7f61b9031000 r--s 00002000 08:01 14160009                   /home/ssaczkowski/.gradle/caches/modules-2/files-2.1/android.arch.core/common/1.1.0/8007981f7d7540d89cd18471b8e5dcd2b4f99167/common-1.1.0.jar
7f61b9031000-7f61b9038000 r--s 00048000 08:01 14159951                   /home/ssaczkowski/.gradle/caches/modules-2/files-2.1/org.jetbrains.kotlin/kotlin-android-extensions/1.2.30/680ff8d567db8dec157cd9344f0a1d2b5e4d651b/kotlin-android-extensions-1.2.30.jar
7f61b9038000-7f61b9042000 r--s 00116000 08:01 2754168                    /opt/android-studio/jre/jre/lib/ext/localedata.jar
7f61b9042000-7f61b9104000 rw-p 00000000 00:00 0 
7f61b9104000-7f61b9105000 ---p 00000000 00:00 0 
7f61b9105000-7f61b9108000 ---p 00000000 00:00 0 
7f61b9108000-7f61b9207000 rw-p 00000000 00:00 0 
7f61b9207000-7f61b9208000 r--s 00001000 08:01 44172393                   /home/ssaczkowski/.gradle/caches/transforms-1/files-1.1/viewmodel-1.1.0.aar/0275f48a5d0f66b1e6960d9eface256e/jars/classes.jar
7f61b9208000-7f61b9209000 r--s 00001000 08:01 44172413                   /home/ssaczkowski/.gradle/caches/transforms-1/files-1.1/runtime-1.1.0.aar/b30892037602d33772ae12393efdf224/jars/classes.jar
7f61b9209000-7f61b920e000 r--s 0009a000 08:01 2754205                    /opt/android-studio/jre/jre/lib/jsse.jar
7f61b920e000-7f61b9210000 r--s 00008000 08:01 14159955                   /home/ssaczkowski/.gradle/caches/modules-2/files-2.1/org.jetbrains.kotlin/kotlin-script-runtime/1.2.30/37ee7531a636e99b639f8b1544cdda27d0ee30b0/kotlin-script-runtime-1.2.30.jar
7f61b9210000-7f61b921f000 r--s 000d7000 08:01 14159960                   /home/ssaczkowski/.gradle/caches/modules-2/files-2.1/org.jetbrains.kotlin/kotlin-stdlib/1.2.30/2dfac33f8b4e92c9dd1422cd286834701a6f6d6/kotlin-stdlib-1.2.30.jar
7f61b921f000-7f61b9227000 rw-s 00000000 08:01 14555476                   /tmp/hsperfdata_ssaczkowski/16360
7f61b9227000-7f61b9228000 rw-p 00000000 00:00 0 
7f61b9228000-7f61b9229000 r--p 00000000 00:00 0 
7f61b9229000-7f61b922b000 rw-p 00000000 00:00 0 
7f61b922b000-7f61b922c000 r--p 00027000 08:01 10225560                   /lib/x86_64-linux-gnu/ld-2.27.so
7f61b922c000-7f61b922d000 rw-p 00028000 08:01 10225560                   /lib/x86_64-linux-gnu/ld-2.27.so
7f61b922d000-7f61b922e000 rw-p 00000000 00:00 0 
7ffe3c323000-7ffe3c344000 rw-p 00000000 00:00 0                          [stack]
7ffe3c35f000-7ffe3c362000 r--p 00000000 00:00 0                          [vvar]
7ffe3c362000-7ffe3c364000 r-xp 00000000 00:00 0                          [vdso]
ffffffffff600000-ffffffffff601000 r-xp 00000000 00:00 0                  [vsyscall]

VM Arguments:
jvm_args: -Djava.awt.headless=true -Djava.rmi.server.hostname=localhost -Xmx1536m -Dkotlin.environment.keepalive 
java_command: org.jetbrains.kotlin.daemon.KotlinCompileDaemon --daemon-runFilesPath /home/ssaczkowski/.local/share/kotlin/daemon --daemon-autoshutdownIdleSeconds=7200 --daemon-compilerClasspath /home/ssaczkowski/.gradle/caches/modules-2/files-2.1/org.jetbrains.kotlin/kotlin-compiler-embeddable/1.2.30/9b3f10d4717b9ac238b287e9b6eb2b4eadd8e870/kotlin-compiler-embeddable-1.2.30.jar:/home/ssaczkowski/.gradle/caches/modules-2/files-2.1/org.jetbrains.kotlin/kotlin-stdlib/1.2.30/2dfac33f8b4e92c9dd1422cd286834701a6f6d6/kotlin-stdlib-1.2.30.jar:/home/ssaczkowski/.gradle/caches/modules-2/files-2.1/org.jetbrains.kotlin/kotlin-script-runtime/1.2.30/37ee7531a636e99b639f8b1544cdda27d0ee30b0/kotlin-script-runtime-1.2.30.jar:/home/ssaczkowski/.gradle/caches/modules-2/files-2.1/org.jetbrains.kotlin/kotlin-reflect/1.2.30/9758025a415ee400e1f90ff222bcfec247779133/kotlin-reflect-1.2.30.jar:/opt/android-studio/jre/lib/tools.jar
java_class_path (initial): /home/ssaczkowski/.gradle/caches/modules-2/files-2.1/org.jetbrains.kotlin/kotlin-compiler-embeddable/1.2.30/9b3f10d4717b9ac238b287e9b6eb2b4eadd8e870/kotlin-compiler-embeddable-1.2.30.jar:/home/ssaczkowski/.gradle/caches/modules-2/files-2.1/org.jetbrains.kotlin/kotlin-stdlib/1.2.30/2dfac33f8b4e92c9dd1422cd286834701a6f6d6/kotlin-stdlib-1.2.30.jar:/home/ssaczkowski/.gradle/caches/modules-2/files-2.1/org.jetbrains.kotlin/kotlin-script-runtime/1.2.30/37ee7531a636e99b639f8b1544cdda27d0ee30b0/kotlin-script-runtime-1.2.30.jar:/home/ssaczkowski/.gradle/caches/modules-2/files-2.1/org.jetbrains.kotlin/kotlin-reflect/1.2.30/9758025a415ee400e1f90ff222bcfec247779133/kotlin-reflect-1.2.30.jar:/opt/android-studio/jre/lib/tools.jar
Launcher Type: SUN_STANDARD

Environment Variables:
JAVA_HOME=/usr/lib/jvm/java-8-oracle
PATH=/home/ssaczkowski/bin:/usr/local/sbin:/usr/local/bin:/usr/sbin:/usr/bin:/sbin:/bin:/usr/games:/usr/local/games:/home/msipos/bin:/usr/lib/jvm/java-8-oracle
SHELL=/bin/bash
DISPLAY=:0

Signal Handlers:
SIGSEGV: [libjvm.so+0x9edb30], sa_mask[0]=11111111011111111101111111111110, sa_flags=SA_RESTART|SA_SIGINFO
SIGBUS: [libjvm.so+0x9edb30], sa_mask[0]=11111111011111111101111111111110, sa_flags=SA_RESTART|SA_SIGINFO
SIGFPE: [libjvm.so+0x84e800], sa_mask[0]=11111111011111111101111111111110, sa_flags=SA_RESTART|SA_SIGINFO
SIGPIPE: [libjvm.so+0x84e800], sa_mask[0]=11111111011111111101111111111110, sa_flags=SA_RESTART|SA_SIGINFO
SIGXFSZ: [libjvm.so+0x84e800], sa_mask[0]=11111111011111111101111111111110, sa_flags=SA_RESTART|SA_SIGINFO
SIGILL: [libjvm.so+0x84e800], sa_mask[0]=11111111011111111101111111111110, sa_flags=SA_RESTART|SA_SIGINFO
SIGUSR1: SIG_DFL, sa_mask[0]=00000000000000000000000000000000, sa_flags=none
SIGUSR2: [libjvm.so+0x84e6d0], sa_mask[0]=00100000000000000000000000000000, sa_flags=SA_RESTART|SA_SIGINFO
SIGHUP: [libjvm.so+0x84e8c0], sa_mask[0]=11111111011111111101111111111110, sa_flags=SA_RESTART|SA_SIGINFO
SIGINT: [libjvm.so+0x84e8c0], sa_mask[0]=11111111011111111101111111111110, sa_flags=SA_RESTART|SA_SIGINFO
SIGTERM: [libjvm.so+0x84e8c0], sa_mask[0]=11111111011111111101111111111110, sa_flags=SA_RESTART|SA_SIGINFO
SIGQUIT: [libjvm.so+0x84e8c0], sa_mask[0]=11111111011111111101111111111110, sa_flags=SA_RESTART|SA_SIGINFO


---------------  S Y S T E M  ---------------

OS:DISTRIB_ID=Ubuntu
DISTRIB_RELEASE=18.04
DISTRIB_CODENAME=bionic
DISTRIB_DESCRIPTION="Ubuntu 18.04 LTS"

uname:Linux 4.15.0-20-generic #21-Ubuntu SMP Tue Apr 24 06:16:15 UTC 2018 x86_64
libc:glibc 2.27 NPTL 2.27 
rlimit: STACK 8192k, CORE 0k, NPROC 46929, NOFILE 1048576, AS infinity
load average:2,29 1,22 0,99

/proc/meminfo:
MemTotal:       12075680 kB
MemFree:         2498904 kB
MemAvailable:    5212396 kB
Buffers:          193404 kB
Cached:          3066728 kB
SwapCached:            0 kB
Active:          7538284 kB
Inactive:        1517836 kB
Active(anon):    5797952 kB
Inactive(anon):   486384 kB
Active(file):    1740332 kB
Inactive(file):  1031452 kB
Unevictable:          48 kB
Mlocked:              48 kB
SwapTotal:             0 kB
SwapFree:              0 kB
Dirty:              2680 kB
Writeback:           196 kB
AnonPages:       5795916 kB
Mapped:           551560 kB
Shmem:            488348 kB
Slab:             342816 kB
SReclaimable:     267044 kB
SUnreclaim:        75772 kB
KernelStack:       16000 kB
PageTables:        69352 kB
NFS_Unstable:          0 kB
Bounce:                0 kB
WritebackTmp:          0 kB
CommitLimit:     6037840 kB
Committed_AS:   14186388 kB
VmallocTotal:   34359738367 kB
VmallocUsed:           0 kB
VmallocChunk:          0 kB
HardwareCorrupted:     0 kB
AnonHugePages:         0 kB
ShmemHugePages:        0 kB
ShmemPmdMapped:        0 kB
CmaTotal:              0 kB
CmaFree:               0 kB
HugePages_Total:       0
HugePages_Free:        0
HugePages_Rsvd:        0
HugePages_Surp:        0
Hugepagesize:       2048 kB
DirectMap4k:      423540 kB
DirectMap2M:     9838592 kB
DirectMap1G:     2097152 kB


CPU:total 4 (initial active 4) (2 cores per cpu, 2 threads per core) family 6 model 142 stepping 9, cmov, cx8, fxsr, mmx, sse, sse2, sse3, ssse3, sse4.1, sse4.2, popcnt, avx, avx2, aes, clmul, erms, 3dnowpref, lzcnt, ht, tsc, tscinvbit, bmi1, bmi2, adx

/proc/cpuinfo:
processor	: 0
vendor_id	: GenuineIntel
cpu family	: 6
model		: 142
model name	: Intel(R) Core(TM) i5-7200U CPU @ 2.50GHz
stepping	: 9
microcode	: 0x84
cpu MHz		: 3099.998
cache size	: 3072 KB
physical id	: 0
siblings	: 4
core id		: 0
cpu cores	: 2
apicid		: 0
initial apicid	: 0
fpu		: yes
fpu_exception	: yes
cpuid level	: 22
wp		: yes
flags		: fpu vme de pse tsc msr pae mce cx8 apic sep mtrr pge mca cmov pat pse36 clflush dts acpi mmx fxsr sse sse2 ss ht tm pbe syscall nx pdpe1gb rdtscp lm constant_tsc art arch_perfmon pebs bts rep_good nopl xtopology nonstop_tsc cpuid aperfmperf tsc_known_freq pni pclmulqdq dtes64 monitor ds_cpl vmx est tm2 ssse3 sdbg fma cx16 xtpr pdcm pcid sse4_1 sse4_2 x2apic movbe popcnt tsc_deadline_timer aes xsave avx f16c rdrand lahf_lm abm 3dnowprefetch cpuid_fault invpcid_single pti tpr_shadow vnmi flexpriority ept vpid fsgsbase tsc_adjust bmi1 avx2 smep bmi2 erms invpcid mpx rdseed adx smap clflushopt intel_pt xsaveopt xsavec xgetbv1 xsaves ibpb ibrs stibp dtherm ida arat pln pts hwp hwp_notify hwp_act_window hwp_epp
bugs		: cpu_meltdown spectre_v1 spectre_v2
bogomips	: 5424.00
clflush size	: 64
cache_alignment	: 64
address sizes	: 39 bits physical, 48 bits virtual
power management:

processor	: 1
vendor_id	: GenuineIntel
cpu family	: 6
model		: 142
model name	: Intel(R) Core(TM) i5-7200U CPU @ 2.50GHz
stepping	: 9
microcode	: 0x84
cpu MHz		: 3100.001
cache size	: 3072 KB
physical id	: 0
siblings	: 4
core id		: 1
cpu cores	: 4
apicid		: 2
initial apicid	: 2
fpu		: yes
fpu_exception	: yes
cpuid level	: 22
wp		: yes
flags		: fpu vme de pse tsc msr pae mce cx8 apic sep mtrr pge mca cmov pat pse36 clflush dts acpi mmx fxsr sse sse2 ss ht tm pbe syscall nx pdpe1gb rdtscp lm constant_tsc art arch_perfmon pebs bts rep_good nopl xtopology nonstop_tsc cpuid aperfmperf tsc_known_freq pni pclmulqdq dtes64 monitor ds_cpl vmx est tm2 ssse3 sdbg fma cx16 xtpr pdcm pcid sse4_1 sse4_2 x2apic movbe popcnt tsc_deadline_timer aes xsave avx f16c rdrand lahf_lm abm 3dnowprefetch cpuid_fault invpcid_single pti tpr_shadow vnmi flexpriority ept vpid fsgsbase tsc_adjust bmi1 avx2 smep bmi2 erms invpcid mpx rdseed adx smap clflushopt intel_pt xsaveopt xsavec xgetbv1 xsaves ibpb ibrs stibp dtherm ida arat pln pts hwp hwp_notify hwp_act_window hwp_epp
bugs		: cpu_meltdown spectre_v1 spectre_v2
bogomips	: 5424.00
clflush size	: 64
cache_alignment	: 64
address sizes	: 39 bits physical, 48 bits virtual
power management:

processor	: 2
vendor_id	: GenuineIntel
cpu family	: 6
model		: 142
model name	: Intel(R) Core(TM) i5-7200U CPU @ 2.50GHz
stepping	: 9
microcode	: 0x84
cpu MHz		: 3100.002
cache size	: 3072 KB
physical id	: 0
siblings	: 4
core id		: 0
cpu cores	: 2
apicid		: 1
initial apicid	: 1
fpu		: yes
fpu_exception	: yes
cpuid level	: 22
wp		: yes
flags		: fpu vme de pse tsc msr pae mce cx8 apic sep mtrr pge mca cmov pat pse36 clflush dts acpi mmx fxsr sse sse2 ss ht tm pbe syscall nx pdpe1gb rdtscp lm constant_tsc art arch_perfmon pebs bts rep_good nopl xtopology nonstop_tsc cpuid aperfmperf tsc_known_freq pni pclmulqdq dtes64 monitor ds_cpl vmx est tm2 ssse3 sdbg fma cx16 xtpr pdcm pcid sse4_1 sse4_2 x2apic movbe popcnt tsc_deadline_timer aes xsave avx f16c rdrand lahf_lm abm 3dnowprefetch cpuid_fault invpcid_single pti tpr_shadow vnmi flexpriority ept vpid fsgsbase tsc_adjust bmi1 avx2 smep bmi2 erms invpcid mpx rdseed adx smap clflushopt intel_pt xsaveopt xsavec xgetbv1 xsaves ibpb ibrs stibp dtherm ida arat pln pts hwp hwp_notify hwp_act_window hwp_epp
bugs		: cpu_meltdown spectre_v1 spectre_v2
bogomips	: 5424.00
clflush size	: 64
cache_alignment	: 64
address sizes	: 39 bits physical, 48 bits virtual
power management:

processor	: 3
vendor_id	: GenuineIntel
cpu family	: 6
model		: 142
model name	: Intel(R) Core(TM) i5-7200U CPU @ 2.50GHz
stepping	: 9
microcode	: 0x84
cpu MHz		: 3099.998
cache size	: 3072 KB
physical id	: 0
siblings	: 4
core id		: 1
cpu cores	: 1
apicid		: 3
initial apicid	: 3
fpu		: yes
fpu_exception	: yes
cpuid level	: 22
wp		: yes
flags		: fpu vme de pse tsc msr pae mce cx8 apic sep mtrr pge mca cmov pat pse36 clflush dts acpi mmx fxsr sse sse2 ss ht tm pbe syscall nx pdpe1gb rdtscp lm constant_tsc art arch_perfmon pebs bts rep_good nopl xtopology nonstop_tsc cpuid aperfmperf tsc_known_freq pni pclmulqdq dtes64 monitor ds_cpl vmx est tm2 ssse3 sdbg fma cx16 xtpr pdcm pcid sse4_1 sse4_2 x2apic movbe popcnt tsc_deadline_timer aes xsave avx f16c rdrand lahf_lm abm 3dnowprefetch cpuid_fault invpcid_single pti tpr_shadow vnmi flexpriority ept vpid fsgsbase tsc_adjust bmi1 avx2 smep bmi2 erms invpcid mpx rdseed adx smap clflushopt intel_pt xsaveopt xsavec xgetbv1 xsaves ibpb ibrs stibp dtherm ida arat pln pts hwp hwp_notify hwp_act_window hwp_epp
bugs		: cpu_meltdown spectre_v1 spectre_v2
bogomips	: 5424.00
clflush size	: 64
cache_alignment	: 64
address sizes	: 39 bits physical, 48 bits virtual
power management:



Memory: 4k page, physical 12075680k(2498904k free), swap 0k(0k free)

vm_info: OpenJDK 64-Bit Server VM (25.152-b01) for linux-amd64 JRE (1.8.0_152-release-1024-b01), built by "builder" with gcc 4.8.4

time: Tue Aug 21 15:12:17 2018
elapsed time: 6 seconds (0d 0h 0m 6s)

